This is pdfTeX, Version 3.141592653-2.6-1.40.29 (TeX Live 2026/Homebrew) (preloaded format=pdflatex 2026.3.4)  15 MAR 2026 22:50
entering extended mode
 restricted \write18 enabled.
 file:line:error style messages enabled.
 %&-line parsing enabled.
**/Users/sakonii/Files/init/major/SteeringFail/paper/acl_latex.tex
(/Users/sakonii/Files/init/major/SteeringFail/paper/acl_latex.tex
LaTeX2e <2025-11-01>
L3 programming layer <2026-01-19>
(/opt/homebrew/Cellar/texlive/20260301/share/texmf-dist/tex/latex/base/article.cls
Document Class: article 2025/01/22 v1.4n Standard LaTeX document class
(/opt/homebrew/Cellar/texlive/20260301/share/texmf-dist/tex/latex/base/size11.clo
File: size11.clo 2025/01/22 v1.4n Standard LaTeX file (size option)
)
\c@part=\count275
\c@section=\count276
\c@subsection=\count277
\c@subsubsection=\count278
\c@paragraph=\count279
\c@subparagraph=\count280
\c@figure=\count281
\c@table=\count282
\abovecaptionskip=\skip49
\belowcaptionskip=\skip50
\bibindent=\dimen148
) (./acl.sty
Conference Style for ACL
(/opt/homebrew/Cellar/texlive/20260301/share/texmf-dist/tex/latex/xcolor/xcolor.sty
Package: xcolor 2024/09/29 v3.02 LaTeX color extensions (UK)
 (/opt/homebrew/Cellar/texlive/20260301/share/texmf-dist/tex/latex/graphics-cfg/color.cfg
File: color.cfg 2016/01/02 v1.6 sample color configuration
)
Package xcolor Info: Driver file: pdftex.def on input line 274.
 (/opt/homebrew/Cellar/texlive/20260301/share/texmf-dist/tex/latex/graphics-def/pdftex.def
File: pdftex.def 2025/09/29 v1.2d Graphics/color driver for pdftex
) (/opt/homebrew/Cellar/texlive/20260301/share/texmf-dist/tex/latex/graphics/mathcolor.ltx)
Package xcolor Info: Model `cmy' substituted by `cmy0' on input line 1349.
Package xcolor Info: Model `hsb' substituted by `rgb' on input line 1353.
Package xcolor Info: Model `RGB' extended on input line 1365.
Package xcolor Info: Model `HTML' substituted by `rgb' on input line 1367.
Package xcolor Info: Model `Hsb' substituted by `hsb' on input line 1368.
Package xcolor Info: Model `tHsb' substituted by `hsb' on input line 1369.
Package xcolor Info: Model `HSB' substituted by `hsb' on input line 1370.
Package xcolor Info: Model `Gray' substituted by `gray' on input line 1371.
Package xcolor Info: Model `wave' substituted by `hsb' on input line 1372.
) (/opt/homebrew/Cellar/texlive/20260301/share/texmf-dist/tex/latex/lineno/lineno.sty
Package: lineno 2026/02/16 line numbers on paragraphs v5.7
 (/opt/homebrew/Cellar/texlive/20260301/share/texmf-dist/tex/latex/etoolbox/etoolbox.sty
Package: etoolbox 2025/10/02 v2.5m e-TeX tools for LaTeX (JAW)
\etb@tempcnta=\count283
) (/opt/homebrew/Cellar/texlive/20260301/share/texmf-dist/tex/latex/kvoptions/kvoptions.sty
Package: kvoptions 2022-06-15 v3.15 Key value format for package options (HO)
 (/opt/homebrew/Cellar/texlive/20260301/share/texmf-dist/tex/latex/graphics/keyval.sty
Package: keyval 2022/05/29 v1.15 key=value parser (DPC)
\KV@toks@=\toks17
) (/opt/homebrew/Cellar/texlive/20260301/share/texmf-dist/tex/generic/ltxcmds/ltxcmds.sty
Package: ltxcmds 2023-12-04 v1.26 LaTeX kernel commands for general use (HO)
) (/opt/homebrew/Cellar/texlive/20260301/share/texmf-dist/tex/latex/kvsetkeys/kvsetkeys.sty
Package: kvsetkeys 2022-10-05 v1.19 Key value parser (HO)
))
\linenopenalty=\count284
\output=\toks18
\linenoprevgraf=\count285
\linenumbersep=\dimen149
\linenumberwidth=\dimen150
\c@linenumber=\count286
\c@pagewiselinenumber=\count287
\c@LN@truepage=\count288
\c@internallinenumber=\count289
\c@internallinenumbers=\count290
\quotelinenumbersep=\dimen151
\bframerule=\dimen152
\bframesep=\dimen153
\bframebox=\box53
)
\cv@tmpc@=\count291
\cv@tmpc=\count292
 (/opt/homebrew/Cellar/texlive/20260301/share/texmf-dist/tex/latex/geometry/geometry.sty
Package: geometry 2020/01/02 v5.9 Page Geometry
 (/opt/homebrew/Cellar/texlive/20260301/share/texmf-dist/tex/generic/iftex/ifvtex.sty
Package: ifvtex 2019/10/25 v1.7 ifvtex legacy package. Use iftex instead.
 (/opt/homebrew/Cellar/texlive/20260301/share/texmf-dist/tex/generic/iftex/iftex.sty
Package: iftex 2024/12/12 v1.0g TeX engine tests
))
\Gm@cnth=\count293
\Gm@cntv=\count294
\c@Gm@tempcnt=\count295
\Gm@bindingoffset=\dimen154
\Gm@wd@mp=\dimen155
\Gm@odd@mp=\dimen156
\Gm@even@mp=\dimen157
\Gm@layoutwidth=\dimen158
\Gm@layoutheight=\dimen159
\Gm@layouthoffset=\dimen160
\Gm@layoutvoffset=\dimen161
\Gm@dimlist=\toks19
)
\titlebox=\skip51
 (/opt/homebrew/Cellar/texlive/20260301/share/texmf-dist/tex/latex/caption/caption.sty
Package: caption 2023/08/05 v3.6o Customizing captions (AR)
 (/opt/homebrew/Cellar/texlive/20260301/share/texmf-dist/tex/latex/caption/caption3.sty
Package: caption3 2023/07/31 v2.4d caption3 kernel (AR)
\caption@tempdima=\dimen162
\captionmargin=\dimen163
\caption@leftmargin=\dimen164
\caption@rightmargin=\dimen165
\caption@width=\dimen166
\caption@indent=\dimen167
\caption@parindent=\dimen168
\caption@hangindent=\dimen169
Package caption Info: Standard document class detected.
)
\c@caption@flags=\count296
\c@continuedfloat=\count297
) (/opt/homebrew/Cellar/texlive/20260301/share/texmf-dist/tex/latex/natbib/natbib.sty
Package: natbib 2010/09/13 8.31b (PWD, AO)
\bibhang=\skip52
\bibsep=\skip53
LaTeX Info: Redefining \cite on input line 694.
\c@NAT@ctr=\count298
) (/opt/homebrew/Cellar/texlive/20260301/share/texmf-dist/tex/latex/hyperref/hyperref.sty
Package: hyperref 2026-01-29 v7.01p Hypertext links for LaTeX
 (/opt/homebrew/Cellar/texlive/20260301/share/texmf-dist/tex/generic/kvdefinekeys/kvdefinekeys.sty
Package: kvdefinekeys 2019-12-19 v1.6 Define keys (HO)
) (/opt/homebrew/Cellar/texlive/20260301/share/texmf-dist/tex/generic/pdfescape/pdfescape.sty
Package: pdfescape 2019/12/09 v1.15 Implements pdfTeX's escape features (HO)
 (/opt/homebrew/Cellar/texlive/20260301/share/texmf-dist/tex/generic/pdftexcmds/pdftexcmds.sty
Package: pdftexcmds 2020-06-27 v0.33 Utility functions of pdfTeX for LuaTeX (HO)
 (/opt/homebrew/Cellar/texlive/20260301/share/texmf-dist/tex/generic/infwarerr/infwarerr.sty
Package: infwarerr 2019/12/03 v1.5 Providing info/warning/error messages (HO)
)
Package pdftexcmds Info: \pdf@primitive is available.
Package pdftexcmds Info: \pdf@ifprimitive is available.
Package pdftexcmds Info: \pdfdraftmode found.
)) (/opt/homebrew/Cellar/texlive/20260301/share/texmf-dist/tex/latex/hycolor/hycolor.sty
Package: hycolor 2020-01-27 v1.10 Color options for hyperref/bookmark (HO)
) (/opt/homebrew/Cellar/texlive/20260301/share/texmf-dist/tex/latex/hyperref/nameref.sty
Package: nameref 2026-01-29 v2.58 Cross-referencing by name of section
 (/opt/homebrew/Cellar/texlive/20260301/share/texmf-dist/tex/latex/refcount/refcount.sty
Package: refcount 2019/12/15 v3.6 Data extraction from label references (HO)
) (/opt/homebrew/Cellar/texlive/20260301/share/texmf-dist/tex/generic/gettitlestring/gettitlestring.sty
Package: gettitlestring 2019/12/15 v1.6 Cleanup title references (HO)
)
\c@section@level=\count299
) (/opt/homebrew/Cellar/texlive/20260301/share/texmf-dist/tex/generic/stringenc/stringenc.sty
Package: stringenc 2019/11/29 v1.12 Convert strings between diff. encodings (HO)
)
\@linkdim=\dimen170
\Hy@linkcounter=\count300
\Hy@pagecounter=\count301
 (/opt/homebrew/Cellar/texlive/20260301/share/texmf-dist/tex/latex/hyperref/pd1enc.def
File: pd1enc.def 2026-01-29 v7.01p Hyperref: PDFDocEncoding definition (HO)
Now handling font encoding PD1 ...
... no UTF-8 mapping file for font encoding PD1
) (/opt/homebrew/Cellar/texlive/20260301/share/texmf-dist/tex/generic/intcalc/intcalc.sty
Package: intcalc 2019/12/15 v1.3 Expandable calculations with integers (HO)
)
\Hy@SavedSpaceFactor=\count302
 (/opt/homebrew/Cellar/texlive/20260301/share/texmf-dist/tex/latex/hyperref/puenc.def
File: puenc.def 2026-01-29 v7.01p Hyperref: PDF Unicode definition (HO)
Now handling font encoding PU ...
... no UTF-8 mapping file for font encoding PU
)
Package hyperref Info: Option `breaklinks' set `true' on input line 4072.
Package hyperref Info: Hyper figures OFF on input line 4201.
Package hyperref Info: Link nesting OFF on input line 4206.
Package hyperref Info: Hyper index ON on input line 4209.
Package hyperref Info: Plain pages OFF on input line 4216.
Package hyperref Info: Backreferencing OFF on input line 4221.
Package hyperref Info: Implicit mode ON; LaTeX internals redefined.
Package hyperref Info: Bookmarks ON on input line 4468.
\c@Hy@tempcnt=\count303
 (/opt/homebrew/Cellar/texlive/20260301/share/texmf-dist/tex/latex/url/url.sty
\Urlmuskip=\muskip17
Package: url 2013/09/16  ver 3.4  Verb mode for urls, etc.
)
LaTeX Info: Redefining \url on input line 4807.
\XeTeXLinkMargin=\dimen171
 (/opt/homebrew/Cellar/texlive/20260301/share/texmf-dist/tex/generic/bitset/bitset.sty
Package: bitset 2019/12/09 v1.3 Handle bit-vector datatype (HO)
 (/opt/homebrew/Cellar/texlive/20260301/share/texmf-dist/tex/generic/bigintcalc/bigintcalc.sty
Package: bigintcalc 2019/12/15 v1.5 Expandable calculations on big integers (HO)
))
\Fld@menulength=\count304
\Field@Width=\dimen172
\Fld@charsize=\dimen173
Package hyperref Info: Hyper figures OFF on input line 6084.
Package hyperref Info: Link nesting OFF on input line 6089.
Package hyperref Info: Hyper index ON on input line 6092.
Package hyperref Info: backreferencing OFF on input line 6099.
Package hyperref Info: Link coloring OFF on input line 6104.
Package hyperref Info: Link coloring with OCG OFF on input line 6109.
Package hyperref Info: PDF/A mode OFF on input line 6114.
\Hy@abspage=\count305
\c@Item=\count306
\c@Hfootnote=\count307
)
Package hyperref Info: Driver (autodetected): hpdftex.
 (/opt/homebrew/Cellar/texlive/20260301/share/texmf-dist/tex/latex/hyperref/hpdftex.def
File: hpdftex.def 2026-01-29 v7.01p Hyperref driver for pdfTeX
\Fld@listcount=\count308
\c@bookmark@seq@number=\count309
 (/opt/homebrew/Cellar/texlive/20260301/share/texmf-dist/tex/latex/rerunfilecheck/rerunfilecheck.sty
Package: rerunfilecheck 2025-06-21 v1.11 Rerun checks for auxiliary files (HO)
 (/opt/homebrew/Cellar/texlive/20260301/share/texmf-dist/tex/generic/uniquecounter/uniquecounter.sty
Package: uniquecounter 2019/12/15 v1.4 Provide unlimited unique counter (HO)
)
Package uniquecounter Info: New unique counter `rerunfilecheck' on input line 284.
)
\Hy@SectionHShift=\skip54
)
Package hyperref Info: Option `colorlinks' set `true' on input line 305.
) (/opt/homebrew/Cellar/texlive/20260301/share/texmf-dist/tex/latex/psnfss/times.sty
Package: times 2020/03/25 PSNFSS-v9.3 (SPQR) 
) (/opt/homebrew/Cellar/texlive/20260301/share/texmf-dist/tex/latex/base/latexsym.sty
Package: latexsym 1998/08/17 v2.2e Standard LaTeX package (lasy symbols)
\symlasy=\mathgroup4
LaTeX Font Info:    Overwriting symbol font `lasy' in version `bold'
(Font)                  U/lasy/m/n --> U/lasy/b/n on input line 52.
) (/opt/homebrew/Cellar/texlive/20260301/share/texmf-dist/tex/latex/base/fontenc.sty
Package: fontenc 2025/07/18 v2.1d Standard LaTeX package
LaTeX Font Info:    Trying to load font information for T1+ptm on input line 116.
 (/opt/homebrew/Cellar/texlive/20260301/share/texmf-dist/tex/latex/psnfss/t1ptm.fd
File: t1ptm.fd 2001/06/04 font definitions for T1/ptm.
)) (/opt/homebrew/Cellar/texlive/20260301/share/texmf-dist/tex/latex/base/inputenc.sty
Package: inputenc 2024/02/08 v1.3d Input encoding file
\inpenc@prehook=\toks20
\inpenc@posthook=\toks21
) (/opt/homebrew/Cellar/texlive/20260301/share/texmf-dist/tex/latex/microtype/microtype.sty
Package: microtype 2026/03/01 v3.2d Micro-typographical refinements (RS)
\MT@toks=\toks22
\MT@tempbox=\box54
\MT@count=\count310
LaTeX Info: Redefining \noprotrusionifhmode on input line 1084.
LaTeX Info: Redefining \leftprotrusion on input line 1085.
\MT@prot@toks=\toks23
LaTeX Info: Redefining \rightprotrusion on input line 1104.
LaTeX Info: Redefining \textls on input line 1449.
\MT@outer@kern=\dimen174
LaTeX Info: Redefining \microtypecontext on input line 2053.
LaTeX Info: Redefining \textmicrotypecontext on input line 2070.
\MT@listname@count=\count311
 (/opt/homebrew/Cellar/texlive/20260301/share/texmf-dist/tex/latex/microtype/microtype-pdftex.def
File: microtype-pdftex.def 2026/03/01 v3.2d Definitions specific to pdftex (RS)
LaTeX Info: Redefining \lsstyle on input line 944.
LaTeX Info: Redefining \lslig on input line 944.
\MT@outer@space=\skip55
)
Package microtype Info: Loading configuration file microtype.cfg.
 (/opt/homebrew/Cellar/texlive/20260301/share/texmf-dist/tex/latex/microtype/microtype.cfg
File: microtype.cfg 2026/03/01 v3.2d microtype main configuration file (RS)
)
LaTeX Info: Redefining \microtypesetup on input line 3065.
) (/opt/homebrew/Cellar/texlive/20260301/share/texmf-dist/tex/latex/inconsolata/inconsolata.sty
Package: inconsolata 2019/05/17 v1.12
 `inconsolata-zi4' v1.12, 2019/05/17 Text macros for Inconsolata (msharpe) (/opt/homebrew/Cellar/texlive/20260301/share/texmf-dist/tex/latex/base/textcomp.sty
Package: textcomp 2024/04/24 v2.1b Standard LaTeX package
) (/opt/homebrew/Cellar/texlive/20260301/share/texmf-dist/tex/latex/xkeyval/xkeyval.sty
Package: xkeyval 2025/11/04 v2.10 package option processing (HA)
 (/opt/homebrew/Cellar/texlive/20260301/share/texmf-dist/tex/generic/xkeyval/xkeyval.tex (/opt/homebrew/Cellar/texlive/20260301/share/texmf-dist/tex/generic/xkeyval/xkvutils.tex
\XKV@toks=\toks24
\XKV@tempa@toks=\toks25
\XKV@tempb@toks=\toks26
)
\XKV@depth=\count312
File: xkeyval.tex 2014/12/03 v2.7a key=value parser (HA)
))
\zifour@ocount=\count313
) (/opt/homebrew/Cellar/texlive/20260301/share/texmf-dist/tex/latex/graphics/graphicx.sty
Package: graphicx 2024/12/31 v1.2e Enhanced LaTeX Graphics (DPC,SPQR)
 (/opt/homebrew/Cellar/texlive/20260301/share/texmf-dist/tex/latex/graphics/graphics.sty
Package: graphics 2024/08/06 v1.4g Standard LaTeX Graphics (DPC,SPQR)
 (/opt/homebrew/Cellar/texlive/20260301/share/texmf-dist/tex/latex/graphics/trig.sty
Package: trig 2023/12/02 v1.11 sin cos tan (DPC)
) (/opt/homebrew/Cellar/texlive/20260301/share/texmf-dist/tex/latex/graphics-cfg/graphics.cfg
File: graphics.cfg 2016/06/04 v1.11 sample graphics configuration
)
Package graphics Info: Driver file: pdftex.def on input line 106.
)
\Gin@req@height=\dimen175
\Gin@req@width=\dimen176
) (/opt/homebrew/Cellar/texlive/20260301/share/texmf-dist/tex/latex/amsmath/amsmath.sty
Package: amsmath 2025/07/09 v2.17z AMS math features
\@mathmargin=\skip56

For additional information on amsmath, use the `?' option.
(/opt/homebrew/Cellar/texlive/20260301/share/texmf-dist/tex/latex/amsmath/amstext.sty
Package: amstext 2024/11/17 v2.01 AMS text
 (/opt/homebrew/Cellar/texlive/20260301/share/texmf-dist/tex/latex/amsmath/amsgen.sty
File: amsgen.sty 1999/11/30 v2.0 generic functions
\@emptytoks=\toks27
\ex@=\dimen177
)) (/opt/homebrew/Cellar/texlive/20260301/share/texmf-dist/tex/latex/amsmath/amsbsy.sty
Package: amsbsy 1999/11/29 v1.2d Bold Symbols
\pmbraise@=\dimen178
) (/opt/homebrew/Cellar/texlive/20260301/share/texmf-dist/tex/latex/amsmath/amsopn.sty
Package: amsopn 2022/04/08 v2.04 operator names
)
\inf@bad=\count314
LaTeX Info: Redefining \frac on input line 233.
\uproot@=\count315
\leftroot@=\count316
LaTeX Info: Redefining \overline on input line 398.
LaTeX Info: Redefining \colon on input line 409.
\classnum@=\count317
\DOTSCASE@=\count318
LaTeX Info: Redefining \ldots on input line 495.
LaTeX Info: Redefining \dots on input line 498.
LaTeX Info: Redefining \cdots on input line 619.
\Mathstrutbox@=\box55
\strutbox@=\box56
LaTeX Info: Redefining \big on input line 721.
LaTeX Info: Redefining \Big on input line 722.
LaTeX Info: Redefining \bigg on input line 723.
LaTeX Info: Redefining \Bigg on input line 724.
\big@size=\dimen179
LaTeX Font Info:    Redeclaring font encoding OML on input line 742.
LaTeX Font Info:    Redeclaring font encoding OMS on input line 743.
\macc@depth=\count319
LaTeX Info: Redefining \bmod on input line 904.
LaTeX Info: Redefining \pmod on input line 909.
LaTeX Info: Redefining \smash on input line 939.
LaTeX Info: Redefining \relbar on input line 969.
LaTeX Info: Redefining \Relbar on input line 970.
\c@MaxMatrixCols=\count320
\dotsspace@=\muskip18
\c@parentequation=\count321
\dspbrk@lvl=\count322
\tag@help=\toks28
\row@=\count323
\column@=\count324
\maxfields@=\count325
\andhelp@=\toks29
\eqnshift@=\dimen180
\alignsep@=\dimen181
\tagshift@=\dimen182
\tagwidth@=\dimen183
\totwidth@=\dimen184
\lineht@=\dimen185
\@envbody=\toks30
\multlinegap=\skip57
\multlinetaggap=\skip58
\mathdisplay@stack=\toks31
LaTeX Info: Redefining \[ on input line 2950.
LaTeX Info: Redefining \] on input line 2951.
)
\@LN@amsmath@ams@eqpen=\count326
 (/opt/homebrew/Cellar/texlive/20260301/share/texmf-dist/tex/latex/amsfonts/amssymb.sty
Package: amssymb 2013/01/14 v3.01 AMS font symbols
 (/opt/homebrew/Cellar/texlive/20260301/share/texmf-dist/tex/latex/amsfonts/amsfonts.sty
Package: amsfonts 2013/01/14 v3.01 Basic AMSFonts support
\symAMSa=\mathgroup5
\symAMSb=\mathgroup6
LaTeX Font Info:    Redeclaring math symbol \hbar on input line 98.
LaTeX Font Info:    Overwriting math alphabet `\mathfrak' in version `bold'
(Font)                  U/euf/m/n --> U/euf/b/n on input line 106.
)) (/opt/homebrew/Cellar/texlive/20260301/share/texmf-dist/tex/latex/booktabs/booktabs.sty
Package: booktabs 2020/01/12 v1.61803398 Publication quality tables
\heavyrulewidth=\dimen186
\lightrulewidth=\dimen187
\cmidrulewidth=\dimen188
\belowrulesep=\dimen189
\belowbottomsep=\dimen190
\aboverulesep=\dimen191
\abovetopsep=\dimen192
\cmidrulesep=\dimen193
\cmidrulekern=\dimen194
\defaultaddspace=\dimen195
\@cmidla=\count327
\@cmidlb=\count328
\@aboverulesep=\dimen196
\@belowrulesep=\dimen197
\@thisruleclass=\count329
\@lastruleclass=\count330
\@thisrulewidth=\dimen198
) (/opt/homebrew/Cellar/texlive/20260301/share/texmf-dist/tex/latex/caption/subcaption.sty
Package: subcaption 2023/07/28 v1.6b Sub-captions (AR)
Package caption Info: New subtype `subfigure' on input line 238.
\c@subfigure=\count331
Package caption Info: New subtype `subtable' on input line 238.
\c@subtable=\count332
) (/opt/homebrew/Cellar/texlive/20260301/share/texmf-dist/tex/latex/multirow/multirow.sty
Package: multirow 2024/11/12 v2.9 Span multiple rows of a table
\multirow@colwidth=\skip59
\multirow@cntb=\count333
\multirow@dima=\skip60
\bigstrutjot=\dimen199
) (/opt/homebrew/Cellar/texlive/20260301/share/texmf-dist/tex/latex/placeins/placeins.sty
Package: placeins 2005/04/18  v 2.2
) (/opt/homebrew/Cellar/texlive/20260301/share/texmf-dist/tex/latex/float/float.sty
Package: float 2001/11/08 v1.3d Float enhancements (AL)
\c@float@type=\count334
\float@exts=\toks32
\float@box=\box57
\@float@everytoks=\toks33
\@floatcapt=\box58
) (/opt/homebrew/Cellar/texlive/20260301/share/texmf-dist/tex/latex/l3backend/l3backend-pdftex.def
File: l3backend-pdftex.def 2025-10-09 L3 backend support: PDF output (pdfTeX)
\l__color_backend_stack_int=\count335
) (./acl_latex.aux)
\openout1 = `acl_latex.aux'.

LaTeX Font Info:    Checking defaults for OML/cmm/m/it on input line 35.
LaTeX Font Info:    ... okay on input line 35.
LaTeX Font Info:    Checking defaults for OMS/cmsy/m/n on input line 35.
LaTeX Font Info:    ... okay on input line 35.
LaTeX Font Info:    Checking defaults for OT1/cmr/m/n on input line 35.
LaTeX Font Info:    ... okay on input line 35.
LaTeX Font Info:    Checking defaults for T1/cmr/m/n on input line 35.
LaTeX Font Info:    ... okay on input line 35.
LaTeX Font Info:    Checking defaults for TS1/cmr/m/n on input line 35.
LaTeX Font Info:    ... okay on input line 35.
LaTeX Font Info:    Checking defaults for OMX/cmex/m/n on input line 35.
LaTeX Font Info:    ... okay on input line 35.
LaTeX Font Info:    Checking defaults for U/cmr/m/n on input line 35.
LaTeX Font Info:    ... okay on input line 35.
LaTeX Font Info:    Checking defaults for PD1/pdf/m/n on input line 35.
LaTeX Font Info:    ... okay on input line 35.
LaTeX Font Info:    Checking defaults for PU/pdf/m/n on input line 35.
LaTeX Font Info:    ... okay on input line 35.
 (/opt/homebrew/Cellar/texlive/20260301/share/texmf-dist/tex/context/base/mkii/supp-pdf.mkii
[Loading MPS to PDF converter (version 2006.09.02).]
\scratchcounter=\count336
\scratchdimen=\dimen256
\scratchbox=\box59
\nofMPsegments=\count337
\nofMParguments=\count338
\everyMPshowfont=\toks34
\MPscratchCnt=\count339
\MPscratchDim=\dimen257
\MPnumerator=\count340
\makeMPintoPDFobject=\count341
\everyMPtoPDFconversion=\toks35
) (/opt/homebrew/Cellar/texlive/20260301/share/texmf-dist/tex/latex/epstopdf-pkg/epstopdf-base.sty
Package: epstopdf-base 2020-01-24 v2.11 Base part for package epstopdf
Package epstopdf-base Info: Redefining graphics rule for `.eps' on input line 485.
 (/opt/homebrew/Cellar/texlive/20260301/share/texmf-dist/tex/latex/latexconfig/epstopdf-sys.cfg
File: epstopdf-sys.cfg 2010/07/13 v1.3 Configuration of (r)epstopdf for TeX Live
))
*geometry* driver: auto-detecting
*geometry* detected driver: pdftex
*geometry* verbose mode - [ preamble ] result:
* driver: pdftex
* paper: a4paper
* layout: <same size as paper>
* layoutoffset:(h,v)=(0.0pt,0.0pt)
* modes: heightrounded 
* h-part:(L,W,R)=(71.13188pt, 455.24411pt, 71.13188pt)
* v-part:(T,H,B)=(71.13188pt, 702.78308pt, 71.13188pt)
* \paperwidth=597.50787pt
* \paperheight=845.04684pt
* \textwidth=455.24411pt
* \textheight=704.60031pt
* \oddsidemargin=-1.1381pt
* \evensidemargin=-1.1381pt
* \topmargin=-38.1381pt
* \headheight=12.0pt
* \headsep=25.0pt
* \topskip=11.0pt
* \footskip=30.0pt
* \marginparwidth=59.0pt
* \marginparsep=10.0pt
* \columnsep=17.07182pt
* \skip\footins=9.0pt plus 4.0pt minus 2.0pt
* \hoffset=0.0pt
* \voffset=0.0pt
* \mag=1000
* \@twocolumntrue
* \@twosidefalse
* \@mparswitchfalse
* \@reversemarginfalse
* (1in=72.27pt=25.4mm, 1cm=28.453pt)

Package caption Info: Begin \AtBeginDocument code.
Package caption Info: float package is loaded.
Package caption Info: hyperref package is loaded.
Package caption Info: End \AtBeginDocument code.
Package hyperref Info: Link coloring ON on input line 35.
(./acl_latex.out) (./acl_latex.out)
\@outlinefile=\write3
\openout3 = `acl_latex.out'.

LaTeX Info: Redefining \microtypecontext on input line 35.
Package microtype Info: Applying patch `item' on input line 35.
Package microtype Info: Applying patch `toc' on input line 35.
Package microtype Info: Applying patch `eqnum' on input line 35.
Package microtype Info: Applying patch `footnote' on input line 35.
Package microtype Info: Applying patch `verbatim' on input line 35.
LaTeX Info: Redefining \microtypesetup on input line 35.
Package microtype Info: Generating PDF output.
Package microtype Info: Character protrusion enabled (level 2).
Package microtype Info: Using default protrusion set `alltext'.
Package microtype Info: Automatic font expansion enabled (level 2),
(microtype)             stretch: 20, shrink: 20, step: 1, non-selected.
Package microtype Info: Using default expansion set `alltext-nott'.
Package microtype Info: Patching command `\showhyphens'.
Package microtype Info: No adjustment of tracking.
Package microtype Info: No adjustment of interword spacing.
Package microtype Info: No adjustment of character kerning.
 (/opt/homebrew/Cellar/texlive/20260301/share/texmf-dist/tex/latex/microtype/mt-ptm.cfg
File: mt-ptm.cfg 2006/04/20 v1.7 microtype config. file: Times (RS)
) (/opt/homebrew/Cellar/texlive/20260301/share/texmf-dist/tex/latex/upquote/upquote.sty
Package: upquote 2012/04/19 v1.3 upright-quote and grave-accent glyphs in verbatim
) (/opt/homebrew/Cellar/texlive/20260301/share/texmf-dist/tex/latex/microtype/mt-cmr.cfg
File: mt-cmr.cfg 2013/05/19 v2.2 microtype config. file: Computer Modern Roman (RS)
)
LaTeX Font Info:    Trying to load font information for U+lasy on input line 36.
 (/opt/homebrew/Cellar/texlive/20260301/share/texmf-dist/tex/latex/base/ulasy.fd
File: ulasy.fd 1998/08/17 v2.2e LaTeX symbol font definitions
)
LaTeX Font Info:    Trying to load font information for U+msa on input line 36.
 (/opt/homebrew/Cellar/texlive/20260301/share/texmf-dist/tex/latex/amsfonts/umsa.fd
File: umsa.fd 2013/01/14 v3.01 AMS symbols A
) (/opt/homebrew/Cellar/texlive/20260301/share/texmf-dist/tex/latex/microtype/mt-msa.cfg
File: mt-msa.cfg 2006/02/04 v1.1 microtype config. file: AMS symbols (a) (RS)
)
LaTeX Font Info:    Trying to load font information for U+msb on input line 36.
 (/opt/homebrew/Cellar/texlive/20260301/share/texmf-dist/tex/latex/amsfonts/umsb.fd
File: umsb.fd 2013/01/14 v3.01 AMS symbols B
) (/opt/homebrew/Cellar/texlive/20260301/share/texmf-dist/tex/latex/microtype/mt-msb.cfg
File: mt-msb.cfg 2005/06/01 v1.0 microtype config. file: AMS symbols (b) (RS)
)
LaTeX Font Info:    Trying to load font information for TS1+ptm on input line 95.
 (/opt/homebrew/Cellar/texlive/20260301/share/texmf-dist/tex/latex/psnfss/ts1ptm.fd
File: ts1ptm.fd 2001/06/04 font definitions for TS1/ptm.
)
Underfull \hbox (badness 10000) in paragraph at lines 103--106
[]\T1/ptm/m/n/10.95 (+20) We val-i-date em-pir-i-cally that a task-
 []


Underfull \hbox (badness 10000) in paragraph at lines 103--106
\T1/ptm/m/n/10.95 (+20) conditioned method achieves sub-stan-
 []

[1{/opt/homebrew/Cellar/texlive/20260301/share/texmf-dist/fonts/map/pdftex/updmap/pdftex.map}{/opt/homebrew/Cellar/texlive/20260301/share/texmf-dist/fonts/enc/dvips/base/8r.enc}



]
Underfull \hbox (badness 10000) in paragraph at lines 134--140
 []\T1/ptm/b/n/10.95 (+20) Task-conditioned rep-re-sen-ta-tions.[] [][]\T1/ptm/m/n/10.95 (+20) Maskey
 []


Overfull \hbox (5.8302pt too wide) in paragraph at lines 173--173
[]\T1/ptm/m/n/9 (-20) Cryptanalysis| 
 []


Overfull \hbox (4.08313pt too wide) in paragraph at lines 165--179
 [][] 
 []


LaTeX Warning: `h' float specifier changed to `ht'.

LaTeX Font Info:    Font shape `U/lasy/b/n' in size <8> not available
(Font)              Font shape `U/lasy/m/n' tried instead on input line 203.
LaTeX Font Info:    Font shape `U/lasy/b/n' in size <6> not available
(Font)              Font shape `U/lasy/m/n' tried instead on input line 203.

Overfull \hbox (132.13847pt too wide) detected at line 208
[][][][] \OT1/cmr/m/n/10.95 = []\OML/cmm/m/it/10.95 ;  [] \OT1/cmr/m/n/10.95 = []
 []

<figures/fig_nb9_2d_repr_space.png, id=128, 508.0581pt x 287.6346pt>
File: figures/fig_nb9_2d_repr_space.png Graphic file (type png)
<use figures/fig_nb9_2d_repr_space.png>
Package pdftex.def Info: figures/fig_nb9_2d_repr_space.png  used on input line 230.
(pdftex.def)             Requested size: 219.08614pt x 124.03596pt.
<figures/fig13a_00_2d_key.png, id=130, 511.6716pt x 288.3573pt>
File: figures/fig13a_00_2d_key.png Graphic file (type png)
<use figures/fig13a_00_2d_key.png>
Package pdftex.def Info: figures/fig13a_00_2d_key.png  used on input line 231.
(pdftex.def)             Requested size: 219.08614pt x 123.46762pt.
[2]
<figures/fig_nb13a_dual_galaxy.png, id=174, 494.3268pt x 263.7855pt>
File: figures/fig_nb13a_dual_galaxy.png Graphic file (type png)
<use figures/fig_nb13a_dual_galaxy.png>
Package pdftex.def Info: figures/fig_nb13a_dual_galaxy.png  used on input line 284.
(pdftex.def)             Requested size: 432.48051pt x 230.78758pt.
<figures/fig13a_02_silhouette_curves.png, id=177, 473.3685pt x 286.1892pt>
File: figures/fig13a_02_silhouette_curves.png Graphic file (type png)
<use figures/fig13a_02_silhouette_curves.png>
Package pdftex.def Info: figures/fig13a_02_silhouette_curves.png  used on input line 301.
(pdftex.def)             Requested size: 219.08614pt x 132.45648pt.


LaTeX Warning: `h' float specifier changed to `ht'.

<figures/fig2_cosine_h1.png, id=179, 530.4618pt x 253.6677pt>
File: figures/fig2_cosine_h1.png Graphic file (type png)
<use figures/fig2_cosine_h1.png>
Package pdftex.def Info: figures/fig2_cosine_h1.png  used on input line 330.
(pdftex.def)             Requested size: 219.08614pt x 104.76694pt.

LaTeX Warning: `h' float specifier changed to `ht'.

[3 <./figures/fig_nb9_2d_repr_space.png> <./figures/fig13a_00_2d_key.png>]
<figures/fig9_nb17_probes.png, id=191, 518.8986pt x 308.5929pt>
File: figures/fig9_nb17_probes.png Graphic file (type png)
<use figures/fig9_nb17_probes.png>
Package pdftex.def Info: figures/fig9_nb17_probes.png  used on input line 361.
(pdftex.def)             Requested size: 432.48051pt x 257.21033pt.
<figures/fig5_h3_ablation.png, id=196, 507.3354pt x 298.4751pt>
File: figures/fig5_h3_ablation.png Graphic file (type png)
<use figures/fig5_h3_ablation.png>
Package pdftex.def Info: figures/fig5_h3_ablation.png  used on input line 392.
(pdftex.def)             Requested size: 219.08614pt x 128.89287pt.


LaTeX Warning: `h' float specifier changed to `ht'.


Underfull \hbox (badness 2875) in paragraph at lines 397--406
\T1/ptm/m/n/10.95 (+20) but sup-presses harm-ful re-fusals sub-stan-tially
 []

[4 <./figures/fig_nb13a_dual_galaxy.png> <./figures/fig13a_02_silhouette_curves.png> <./figures/fig2_cosine_h1.png>]
<figures/fig10_nb18_causal_patching.png, id=210, 258.0039pt x 282.5757pt>
File: figures/fig10_nb18_causal_patching.png Graphic file (type png)
<use figures/fig10_nb18_causal_patching.png>
Package pdftex.def Info: figures/fig10_nb18_causal_patching.png  used on input line 430.
(pdftex.def)             Requested size: 219.08614pt x 239.95332pt.


LaTeX Warning: `h' float specifier changed to `ht'.


Underfull \hbox (badness 2990) in paragraph at lines 435--438
[]\T1/ptm/m/n/10.95 (+20) This ex-plains why tar-geted head ab-la-tion
 []

[5 <./figures/fig9_nb17_probes.png> <./figures/fig5_h3_ablation.png>]
<figures/fig6_selectivity.png, id=220, 588.2778pt x 338.9463pt>
File: figures/fig6_selectivity.png Graphic file (type png)
<use figures/fig6_selectivity.png>
Package pdftex.def Info: figures/fig6_selectivity.png  used on input line 453.
(pdftex.def)             Requested size: 432.48051pt x 249.1872pt.

Overfull \hbox (21.42459pt too wide) in paragraph at lines 462--472
 [][] 
 []

[6 <./figures/fig10_nb18_causal_patching.png>] [7 <./figures/fig6_selectivity.png>] (./acl_latex.bbl
Underfull \hbox (badness 1173) in paragraph at lines 10--13
[]\T1/ptm/m/n/10 (+20) Joschka Braun, Carsten Eick-hoff, David Krueger,
 []

LaTeX Font Info:    Trying to load font information for T1+zi4 on input line 52.
(/opt/homebrew/Cellar/texlive/20260301/share/texmf-dist/tex/latex/inconsolata/t1zi4.fd
File: t1zi4.fd 2018/01/14 T1/zi4 (Inconsolata)
)
LaTeX Font Info:    Font shape `T1/zi4/m/n' will be
(Font)              scaled to size 10.0pt on input line 52.
Package microtype Info: Loading generic protrusion settings for font family
(microtype)             `zi4' (encoding: T1).
(microtype)             For optimal results, create family-specific settings.
(microtype)             See the microtype manual for details.
 [8{/opt/homebrew/Cellar/texlive/20260301/share/texmf-dist/fonts/enc/dvips/inconsolata/i4-t1-0.enc}])
LaTeX Font Info:    Font shape `T1/zi4/m/n' will be
(Font)              scaled to size 10.95pt on input line 597.
<figures/fig_nb7_cluster_separation.png, id=321, 1289.2968pt x 851.3406pt>
File: figures/fig_nb7_cluster_separation.png Graphic file (type png)
<use figures/fig_nb7_cluster_separation.png>
Package pdftex.def Info: figures/fig_nb7_cluster_separation.png  used on input line 651.
(pdftex.def)             Requested size: 432.48051pt x 285.56784pt.


LaTeX Warning: `h' float specifier changed to `ht'.

<figures/fig_nb7_cross_task_distances.png, id=323, 1697.6223pt x 460.3599pt>
File: figures/fig_nb7_cross_task_distances.png Graphic file (type png)
<use figures/fig_nb7_cross_task_distances.png>
Package pdftex.def Info: figures/fig_nb7_cross_task_distances.png  used on input line 667.
(pdftex.def)             Requested size: 432.48051pt x 117.28133pt.

LaTeX Warning: `h' float specifier changed to `ht'.

<figures/fig4_h2_or_tasks.png, id=324, 568.7649pt x 334.6101pt>
File: figures/fig4_h2_or_tasks.png Graphic file (type png)
<use figures/fig4_h2_or_tasks.png>
Package pdftex.def Info: figures/fig4_h2_or_tasks.png  used on input line 677.
(pdftex.def)             Requested size: 432.48051pt x 254.43396pt.

LaTeX Warning: `h' float specifier changed to `ht'.

<figures/fig_nb13b_l12_snapshot.png, id=325, 351.9549pt x 312.9291pt>
File: figures/fig_nb13b_l12_snapshot.png Graphic file (type png)
<use figures/fig_nb13b_l12_snapshot.png>
Package pdftex.def Info: figures/fig_nb13b_l12_snapshot.png  used on input line 684.
(pdftex.def)             Requested size: 219.08614pt x 194.79233pt.

LaTeX Warning: `h' float specifier changed to `ht'.

<figures/fig7_nb16_variance.png, id=326, 553.5882pt x 286.1892pt>
File: figures/fig7_nb16_variance.png Graphic file (type png)
<use figures/fig7_nb16_variance.png>
Package pdftex.def Info: figures/fig7_nb16_variance.png  used on input line 691.
(pdftex.def)             Requested size: 219.08614pt x 113.25964pt.

LaTeX Warning: `h' float specifier changed to `ht'.

<figures/fig8_nb16_task_pca.png, id=327, 356.2911pt x 297.0297pt>
File: figures/fig8_nb16_task_pca.png Graphic file (type png)
<use figures/fig8_nb16_task_pca.png>
Package pdftex.def Info: figures/fig8_nb16_task_pca.png  used on input line 698.
(pdftex.def)             Requested size: 219.08614pt x 182.64725pt.

LaTeX Warning: `h' float specifier changed to `ht'.

<figures/fig_nb16_layer_sweep.png, id=328, 558.6471pt x 286.1892pt>
File: figures/fig_nb16_layer_sweep.png Graphic file (type png)
<use figures/fig_nb16_layer_sweep.png>
Package pdftex.def Info: figures/fig_nb16_layer_sweep.png  used on input line 705.
(pdftex.def)             Requested size: 432.48051pt x 221.56287pt.

LaTeX Warning: `h' float specifier changed to `ht'.

[9]
<figures/fig11_nb18_per_task_causal.png, id=341, 499.3857pt x 272.4579pt>
File: figures/fig11_nb18_per_task_causal.png Graphic file (type png)
<use figures/fig11_nb18_per_task_causal.png>
Package pdftex.def Info: figures/fig11_nb18_per_task_causal.png  used on input line 750.
(pdftex.def)             Requested size: 432.48051pt x 235.95969pt.


LaTeX Warning: `h' float specifier changed to `ht'.

[10

 <./figures/fig_nb7_cluster_separation.png>] [11 <./figures/fig_nb7_cross_task_distances.png> <./figures/fig4_h2_or_tasks.png>] [12


 <./figures/fig_nb13b_l12_snapshot.png> <./figures/fig7_nb16_variance.png> <./figures/fig8_nb16_task_pca.png>] [13 <./figures/fig_nb16_layer_sweep.png> <./figures/fig11_nb18_per_task_causal.png>] (./acl_latex.aux)
 ***********
LaTeX2e <2025-11-01>
L3 programming layer <2026-01-19>
 ***********
Package rerunfilecheck Info: File `acl_latex.out' has not changed.
(rerunfilecheck)             Checksum: 823B67FF728CE231F9BA5689308196DF;4168.
 ) 
Here is how much of TeX's memory you used:
 16452 strings out of 467525
 266490 string characters out of 5408440
 730480 words of memory out of 5000000
 44674 multiletter control sequences out of 15000+600000
 721120 words of font info for 348 fonts, out of 8000000 for 9000
 1141 hyphenation exceptions out of 8191
 84i,10n,93p,1057b,638s stack positions out of 10000i,1000n,20000p,200000b,200000s
</opt/homebrew/Cellar/texlive/20260301/share/texmf-dist/fonts/type1/public/inconsolata/Inconsolata-zi4r.pfb></opt/homebrew/Cellar/texlive/20260301/share/texmf-dist/fonts/type1/public/amsfonts/cm/cmbx10.pfb></opt/homebrew/Cellar/texlive/20260301/share/texmf-dist/fonts/type1/public/amsfonts/cm/cmmi10.pfb></opt/homebrew/Cellar/texlive/20260301/share/texmf-dist/fonts/type1/public/amsfonts/cm/cmmi7.pfb></opt/homebrew/Cellar/texlive/20260301/share/texmf-dist/fonts/type1/public/amsfonts/cm/cmmi8.pfb></opt/homebrew/Cellar/texlive/20260301/share/texmf-dist/fonts/type1/public/amsfonts/cm/cmmib10.pfb></opt/homebrew/Cellar/texlive/20260301/share/texmf-dist/fonts/type1/public/amsfonts/cm/cmr10.pfb></opt/homebrew/Cellar/texlive/20260301/share/texmf-dist/fonts/type1/public/amsfonts/cm/cmsy10.pfb></opt/homebrew/Cellar/texlive/20260301/share/texmf-dist/fonts/type1/public/amsfonts/cm/cmsy9.pfb></opt/homebrew/Cellar/texlive/20260301/share/texmf-dist/fonts/type1/urw/helvetic/uhvb8a.pfb></opt/homebrew/Cellar/texlive/20260301/share/texmf-dist/fonts/type1/urw/times/utmb8a.pfb></opt/homebrew/Cellar/texlive/20260301/share/texmf-dist/fonts/type1/urw/times/utmr8a.pfb></opt/homebrew/Cellar/texlive/20260301/share/texmf-dist/fonts/type1/urw/times/utmri8a.pfb>
Output written on acl_latex.pdf (13 pages, 1206334 bytes).
PDF statistics:
 451 PDF objects out of 1000 (max. 8388607)
 370 compressed objects within 4 object streams
 82 named destinations out of 1000 (max. 500000)
 76526 words of extra memory for PDF output out of 89155 (max. 10000000)

